========================================================
====
PLAYIT TMUX SESSION
========================================================
====
HOME=/home/runner/work/vps/vps/data/playit/home
XDG_CONFIG_HOME=/home/runner/work/vps/vps/data/playit/co
nfig
Attach from SSH with: tmux attach -t playit
Detach with: Ctrl+B then D
========================================================
====
PLAYIT_SECRET_KEY is not set. Starting first-run claim/s
etup mode.
2026-07-07T06:33:44.736726Z  INFO playitd::daemon: Start
ing playitd socket_path=None secret_path=Some("/home/run
ner/work/vps/vps/data/playit/config/playit_gg/playit.tom
l") version=1.0.10
2026-07-07T06:33:44.736991Z  INFO playitd::daemon: Waiti
ng for frontend secret provisioning over IPC secret_path
=/home/runner/work/vps/vps/data/playit/config/playit_gg/
playit.toml






