]0;Terraria Server v1.4.5.6TerrariaAPI Version: 2.1.0.0 (Protocol v1.4.5.6 (319), OTAPI 3.3.11+c532c59)
[39;49m[37m[TShock] Info Config path has been set to data/server/tshock
[39;49m[37m[39;49m[37m[TShock] Info Log path has been set to data/server/logs
[39;49m[37m[39;49m[93mTShock was improperly shut down. Please use the exit command in the future to prevent this.
[39;49m[37m[39;49m[93mPort overridden by startup argument. Set to 7777
[39;49m[37mStartup parameter overrode maximum player slot configuration value.
[39;49m[93mUsing ConstileationProvider for tile implementation
[39;49m[37m[39;49m[93mTShock 6.1.0.0 (Profoundly Collaborative (3.11)) now running.
[39;49m[37m[39;49m[93mAutoSave Enabled
[39;49m[37m[39;49m[93mBackups Enabled
[39;49m[37m[39;49m[93mWelcome to TShock for Terraria!
[39;49m[37m[39;49m[93mTShock comes with no warranty & is free software.
[39;49m[37m[39;49m[93mYou can modify & distribute it under the terms of the GNU GPLv3.
[39;49m[37m[39;49m[37m[Server API] Info Plugin TShock v6.1.0.0 (by The TShock Team) initiated.
[39;49m[37m[H[J[3JTerraria Server v1.4.5.6

Creating world - Seed: 920935214, Width: 8400, Height: 2400, Evil: -1, Difficulty: 2
Resetting game objects
Generating world terrain
Adding sand
Generating ocean sand
Generating sand patches
Generating surface tunnels
Generating hills
Putting dirt behind dirt
Placing rocks in the dirt
Placing dirt in the rocks
Adding clay
Making random holes
Generating small caves
Generating large caves
Generating surface caves
Adding snow
Generating jungle
Adding more grass
Desertification
Adding mushroom patches
Chiseling marble
Growing granite
Generating floating islands
Placing mud in the dirt
Adding silt
Adding shinies
Adding webs
Creating underworld
Creating underworld 2%

Creating underworld 3%

Creating underworld 3%

Creating underworld 3%

Creating underworld 3%

Creating underworld 4%

Creating underworld 4%

Creating underworld 4%

Creating underworld 5%

Creating underworld 5%

Creating underworld 5%

Creating underworld 6%

Creating underworld 6%

Creating underworld 7%

Creating underworld 7%

Creating underworld 9%

Creating underworld 9%

Creating underworld 10%

Creating underworld 11%

Creating underworld 11%

Creating underworld 11%

Creating underworld 11%

Creating underworld 11%

Creating underworld 11%

Creating underworld 13%

Creating underworld 14%

Creating underworld 15%

Creating underworld 15%

Creating underworld 16%

Creating underworld 18%

Creating underworld 18%

Creating underworld 19%

Creating underworld 19%

Creating underworld 20%

Creating underworld 22%

Creating underworld 23%

Creating underworld 24%

Creating underworld 25%

Creating underworld 25%

Creating underworld 26%

Creating underworld 26%

Creating underworld 26%

Creating underworld 29%

Creating underworld 29%

Creating underworld 30%

Creating underworld 31%

Creating underworld 32%

Creating underworld 32%

Creating underworld 32%

Creating underworld 33%

Creating underworld 34%

Creating underworld 35%

Creating underworld 35%

Creating underworld 37%

Creating underworld 38%

Creating underworld 39%

Creating underworld 39%

Creating underworld 39%

Creating underworld 40%

Creating underworld 42%

Creating underworld 42%

Creating underworld 43%

Creating underworld 43%

Creating underworld 43%

Creating underworld 44%

Creating underworld 45%

Creating underworld 47%

Creating underworld 47%

Creating underworld 48%

Creating underworld 49%

Creating underworld 49%

Creating underworld 50%

Making the world bloody
Adding water bodies
Creating dungeon - preparing
Creating dungeon - placing rooms and hallways
Creating dungeon - placing hallway to surface and entrance
Creating dungeon - finding doors and platforms
Creating dungeon - early features
Creating dungeon - placing spikes
Creating dungeon - placing doors
Creating dungeon - placing wall variants
Creating dungeon - placing platforms
Creating dungeon - placing biome chests
Creating dungeon - placing bookshelves
Creating dungeon - placing chests
Creating dungeon - expanding area
Creating dungeon - placing lights
Creating dungeon - placing traps
Creating dungeon - placing furniture
Creating dungeon - placing pictures
Creating dungeon - placing banners
Creating dungeon - placing late features
Creating dungeon - finishing up
Generating mountain caves
Creating beaches
Adding gems
Gravitating sand
Forming the depths
Cleaning up dirt backgrounds
Generating giant trees
Placing altars
Creating jungle ruins
Creating hornet nests
Settling liquids
Generating oasis
Generating shell piles
Smoothing the world
Creating waterfalls
Weathering caverns
Placing life crystals
Placing statues
Hiding treasure
Hiding more treasure
Hiding jungle treasure
Hiding water treasure
Growing spider caves
Mossification
Making cave walls
Growing rich mahogany
Generating sky island houses
Quick cleanup
Placing breakables
Placing hellforges
Spreading grass
Felling trees
Placing traps
Placing objects
Planting sunflowers
Planting trees
Planting herbs
Planting weeds
Growing vines
Planting flowers
Planting mushrooms
Growing long moss
Settling liquids
Growing cacti
Clean up
Generating structures
Growing water plants
Growing speleothems and gem trees
Disarming broken traps
Final clean up
Saving world data:
Validating world save:
Resetting game objects
Loading world data:
Settling liquids
[H[J[3JTerraria Server v1.4.5.6

Listening on port 7777
Type 'help' for a list of commands.

]0;Terraria Server: friends1[39;49m[93mLogin before join enabled. Users may be prompted for an account specific password instead of a server password on connect.
[39;49m[37m[39;49m[93mLogin using UUID enabled. Users automatically login via UUID.
[39;49m[37m[39;49m[93mA malicious server can easily steal a user's UUID. You may consider turning this option off if you run a public server.
[39;49m[37m: [39;49m[93mTShock Notice: setup-code.txt is still present, and the code located in that file will be used.
To setup the server, join the game and type /setup 177086
This token will display until disabled by verification. (/setup)
[39;49mServer started
exit
[39;49m[95mServer executed: /exit.
[39;49mSaving world data:

Validating world save:
Backing up world file
[39;49m[91mServer shutting down!
[39;49mSaving before exit...
Saving world data:
Validating world save:
